Console Logs :
<html><head>
    <title>tail -f /home/ubuntu/retrain.log</title>
    <meta http-equiv="Content-Type" content="text/html; charset=utf-8">
    <meta name="viewport" content="width=device-width, initial-scale=1">
    <link rel="stylesheet" type="text/css" href="/styles/default.css">
    <link rel="icon" href="/favicon.ico">
</head>

<body>
    <nav class="topbar navbar navbar-inverse navbar-fixed-top" role="navigation">
        <div class="container-fluid">
            <div class="row">
                <div class="col-sm-10">
                    <span class="navbar-brand" title="/home/ubuntu/retrain.log">Console messages</span>
                </div>
                <div class="col-sm-2">
                    <form class="navbar-form-custom" role="search" onkeypress="return event.keyCode != 13;">
                        <input type="text" class="form-control query" placeholder="Filter" tabindex="1">
                    </form>
                </div>
            </div>
        </div>
    </nav>

    <div class="container-fluid no-horiz-padding">
        <pre class="log"><div class="line"><p class="inner-line">Extracting /tmp/tensorflow/mnist/input_data/t10k-labels-idx1-ubyte.gz</p></div><div class="line"><p class="inner-line">WARNING:tensorflow:From /usr/local/lib/python3.6/dist-packages/tensorflow/contrib/learn/python/learn/datasets/mnist.py:290: DataSet.__init__ (from tensorflow.contrib.learn.python.learn.datasets.mnist) is deprecated and will be removed in a future version.</p></div><div class="line"><p class="inner-line">Instructions for updating:</p></div><div class="line"><p class="inner-line">Please use alternatives such as official/mnist/dataset.py from tensorflow/models.</p></div><div class="line"><p class="inner-line">WARNING:tensorflow:From /tensorflow/training/Mnist_classification/mnist_gpu.py:149: softmax_cross_entropy_with_logits (from tensorflow.python.ops.nn_ops) is deprecated and will be removed in a future version.</p></div><div class="line"><p class="inner-line">Instructions for updating:</p></div><div class="line"><p class="inner-line">Future major versions of TensorFlow will allow gradients to flow</p></div><div class="line"><p class="inner-line">into the labels input on backprop by default.</p></div><div class="line"><p class="inner-line">See `tf.nn.softmax_cross_entropy_with_logits_v2`.</p></div><div class="line"><p class="inner-line">2020-02-19 13:03:31.543069: I tensorflow/core/platform/cpu_feature_guard.cc:141] Your CPU supports instructions that this TensorFlow binary was not compiled to use: SSE4.1 SSE4.2 AVX AVX2 FMA</p></div><div class="line"><p class="inner-line">2020-02-19 13:03:31.615917: I tensorflow/stream_executor/cuda/cuda_gpu_executor.cc:966] successful NUMA node read from SysFS had negative value (-1), but there must be at least one NUMA node, so returning NUMA node zero</p></div><div class="line"><p class="inner-line">2020-02-19 13:03:31.652742: I tensorflow/core/common_runtime/gpu/gpu_device.cc:1415] Found device 0 with properties: </p></div><div class="line"><p class="inner-line">name: Tesla K80 major: 3 minor: 7 memoryClockRate(GHz): 0.8235</p></div><div class="line"><p class="inner-line">pciBusID: 0000:00:1e.0</p></div><div class="line"><p class="inner-line">totalMemory: 11.17GiB freeMemory: 11.11GiB</p></div><div class="line"><p class="inner-line">2020-02-19 13:03:31.652783: I tensorflow/core/common_runtime/gpu/gpu_device.cc:1494] Adding visible gpu devices: 0</p></div><div class="line"><p class="inner-line">2020-02-19 13:03:31.967639: I tensorflow/core/common_runtime/gpu/gpu_device.cc:971] Device interconnect StreamExecutor with strength 1 edge matrix:</p></div><div class="line"><p class="inner-line">2020-02-19 13:03:31.967688: I tensorflow/core/common_runtime/gpu/gpu_device.cc:977]      0 </p></div><div class="line"><p class="inner-line">2020-02-19 13:03:31.967701: I tensorflow/core/common_runtime/gpu/gpu_device.cc:990] 0:   N </p></div><div class="line"><p class="inner-line">2020-02-19 13:03:31.967833: I tensorflow/core/common_runtime/gpu/gpu_device.cc:1107] Created TensorFlow device (/job:localhost/replica:0/task:0/device:GPU:0 with 10761 MB memory) -&gt; physical GPU (device: 0, name: Tesla K80, pci bus id: 0000:00:1e.0, compute capability: 3.7)</p></div><div class="line"><p class="inner-line">Traceback (most recent call last):</p></div><div class="line"><p class="inner-line">  File "/usr/local/lib/python3.6/dist-packages/tensorflow/python/client/session.py", line 1292, in _do_call</p></div><div class="line"><p class="inner-line">    return fn(*args)</p></div><div class="line"><p class="inner-line">  File "/usr/local/lib/python3.6/dist-packages/tensorflow/python/client/session.py", line 1275, in _run_fn</p></div><div class="line"><p class="inner-line">    self._extend_graph()</p></div><div class="line"><p class="inner-line">  File "/usr/local/lib/python3.6/dist-packages/tensorflow/python/client/session.py", line 1312, in _extend_graph</p></div><div class="line"><p class="inner-line">    tf_session.ExtendSession(self._session)</p></div><div class="line"><p class="inner-line">tensorflow.python.framework.errors_impl.InvalidArgumentError: Cannot assign a device for operation 'strided_slice_2': Operation was explicitly assigned to /device:GPU:1 but available devices are [ /job:localhost/replica:0/task:0/device:CPU:0, /job:localhost/replica:0/task:0/device:GPU:0 ]. Make sure the device specification refers to a valid device.</p></div><div class="line"><p class="inner-line">	 [[{{node strided_slice_2}} = StridedSlice[Index=DT_INT32, T=DT_FLOAT, begin_mask=0, ellipsis_mask=0, end_mask=0, new_axis_mask=0, shrink_axis_mask=0, _device="/device:GPU:1"](Placeholder, strided_slice_2/stack, strided_slice_2/stack_1, strided_slice_2/stack_2)]]</p></div><div class="line"><p class="inner-line">During handling of the above exception, another exception occurred:</p></div><div class="line"><p class="inner-line">Traceback (most recent call last):</p></div><div class="line"><p class="inner-line">  File "/tensorflow/training/Mnist_classification/mnist_gpu.py", line 172, in &lt;module&gt;</p></div><div class="line"><p class="inner-line">    sess.run(init)</p></div><div class="line"><p class="inner-line">  File "/usr/local/lib/python3.6/dist-packages/tensorflow/python/client/session.py", line 887, in run</p></div><div class="line"><p class="inner-line">    run_metadata_ptr)</p></div><div class="line"><p class="inner-line">  File "/usr/local/lib/python3.6/dist-packages/tensorflow/python/client/session.py", line 1110, in _run</p></div><div class="line"><p class="inner-line">    feed_dict_tensor, options, run_metadata)</p></div><div class="line"><p class="inner-line">  File "/usr/local/lib/python3.6/dist-packages/tensorflow/python/client/session.py", line 1286, in _do_run</p></div><div class="line"><p class="inner-line">    run_metadata)</p></div><div class="line"><p class="inner-line">  File "/usr/local/lib/python3.6/dist-packages/tensorflow/python/client/session.py", line 1308, in _do_call</p></div><div class="line"><p class="inner-line">    raise type(e)(node_def, op, message)</p></div><div class="line"><p class="inner-line">tensorflow.python.framework.errors_impl.InvalidArgumentError: Cannot assign a device for operation 'strided_slice_2': Operation was explicitly assigned to /device:GPU:1 but available devices are [ /job:localhost/replica:0/task:0/device:CPU:0, /job:localhost/replica:0/task:0/device:GPU:0 ]. Make sure the device specification refers to a valid device.</p></div><div class="line"><p class="inner-line">	 [[{{node strided_slice_2}} = StridedSlice[Index=DT_INT32, T=DT_FLOAT, begin_mask=0, ellipsis_mask=0, end_mask=0, new_axis_mask=0, shrink_axis_mask=0, _device="/device:GPU:1"](Placeholder, strided_slice_2/stack, strided_slice_2/stack_1, strided_slice_2/stack_2)]]</p></div><div class="line"><p class="inner-line">Caused by op 'strided_slice_2', defined at:</p></div><div class="line"><p class="inner-line">  File "/tensorflow/training/Mnist_classification/mnist_gpu.py", line 134, in &lt;module&gt;</p></div><div class="line"><p class="inner-line">    _x = X[i * batch_size: (i+1) * batch_size]</p></div><div class="line"><p class="inner-line">  File "/usr/local/lib/python3.6/dist-packages/tensorflow/python/ops/array_ops.py", line 525, in _slice_helper</p></div><div class="line"><p class="inner-line">    name=name)</p></div><div class="line"><p class="inner-line">  File "/usr/local/lib/python3.6/dist-packages/tensorflow/python/ops/array_ops.py", line 691, in strided_slice</p></div><div class="line"><p class="inner-line">    shrink_axis_mask=shrink_axis_mask)</p></div><div class="line"><p class="inner-line">  File "/usr/local/lib/python3.6/dist-packages/tensorflow/python/ops/gen_array_ops.py", line 8336, in strided_slice</p></div><div class="line"><p class="inner-line">    name=name)</p></div><div class="line"><p class="inner-line">  File "/usr/local/lib/python3.6/dist-packages/tensorflow/python/framework/op_def_library.py", line 787, in _apply_op_helper</p></div><div class="line"><p class="inner-line">    op_def=op_def)</p></div><div class="line"><p class="inner-line">  File "/usr/local/lib/python3.6/dist-packages/tensorflow/python/util/deprecation.py", line 488, in new_func</p></div><div class="line"><p class="inner-line">    return func(*args, **kwargs)</p></div><div class="line"><p class="inner-line">  File "/usr/local/lib/python3.6/dist-packages/tensorflow/python/framework/ops.py", line 3272, in create_op</p></div><div class="line"><p class="inner-line">    op_def=op_def)</p></div><div class="line"><p class="inner-line">  File "/usr/local/lib/python3.6/dist-packages/tensorflow/python/framework/ops.py", line 1768, in __init__</p></div><div class="line"><p class="inner-line">    self._traceback = tf_stack.extract_stack()</p></div><div class="line"><p class="inner-line">InvalidArgumentError (see above for traceback): Cannot assign a device for operation 'strided_slice_2': Operation was explicitly assigned to /device:GPU:1 but available devices are [ /job:localhost/replica:0/task:0/device:CPU:0, /job:localhost/replica:0/task:0/device:GPU:0 ]. Make sure the device specification refers to a valid device.</p></div><div class="line"><p class="inner-line">	 [[{{node strided_slice_2}} = StridedSlice[Index=DT_INT32, T=DT_FLOAT, begin_mask=0, ellipsis_mask=0, end_mask=0, new_axis_mask=0, shrink_axis_mask=0, _device="/device:GPU:1"](Placeholder, strided_slice_2/stack, strided_slice_2/stack_1, strided_slice_2/stack_2)]]</p></div><div class="line"><p class="inner-line">Command exited with non-zero status 1</p></div><div class="line"><p class="inner-line">6.04user 1.12system 0:06.89elapsed 103%CPU (0avgtext+0avgdata 1009372maxresident)k</p></div><div class="line"><p class="inner-line">0inputs+22672outputs (0major+284771minor)pagefaults 0swaps</p></div><div class="line"><p class="inner-line">command terminated with exit code 1</p></div></pre>
    </div>


    <script src="/socket.io/socket.io.js"></script>
    <script src="/tinycon.min.js"></script>
    <script src="/ansi_up.js"></script>
    <script src="/app.js"></script>
    <script type="text/javascript">
        var socket = new io.connect('/2f8633c0688187b39b69fe944a6c61af', {
            path: '/socket.io'
        });

        window.load = App.init({
            socket: socket,
            container: document.getElementsByClassName('log')[0],
            filterInput: document.getElementsByClassName('query')[0],
            topbar: document.getElementsByClassName('topbar')[0],
            body: document.getElementsByTagName('body')[0]
        });
    </script>



</body></html>
